This file contains any messages produced by compilers while
running configure, to aid debugging if configure makes a mistake.

It was created by fzshellext configure 0.0.0, which was
generated by GNU Autoconf 2.71.  Invocation command line was

  $ /home/fzbuild/git/filezilla/src/fzshellext/configure --prefix=/home/fzbuild/git/win-prefix --exec-prefix=NONE --host=i686-w64-mingw32

## --------- ##
## Platform. ##
## --------- ##

hostname = california
uname -m = x86_64
uname -r = 6.8.0-71-generic
uname -s = Linux
uname -v = #71-Ubuntu SMP PREEMPT_DYNAMIC Tue Jul 22 16:52:38 UTC 2025

/usr/bin/uname -p = x86_64
/bin/uname -X     = unknown

/bin/arch              = x86_64
/usr/bin/arch -k       = unknown
/usr/convex/getsysinfo = unknown
/usr/bin/hostinfo      = unknown
/bin/machine           = unknown
/usr/bin/oslevel       = unknown
/bin/universe          = unknown

PATH: /home/fzbuild/git/win-prefix/bin/
PATH: /usr/local/sbin/
PATH: /usr/local/bin/
PATH: /usr/sbin/
PATH: /usr/bin/
PATH: /sbin/
PATH: /bin/
PATH: /usr/games/
PATH: /usr/local/games/
PATH: /snap/bin/


## ----------- ##
## Core tests. ##
## ----------- ##

configure:2718: looking for aux files: ltmain.sh compile config.guess config.sub missing install-sh
configure:2731:  trying /home/fzbuild/git/filezilla/src/fzshellext/../../config/
configure:2760:   /home/fzbuild/git/filezilla/src/fzshellext/../../config/ltmain.sh found
configure:2760:   /home/fzbuild/git/filezilla/src/fzshellext/../../config/compile found
configure:2760:   /home/fzbuild/git/filezilla/src/fzshellext/../../config/config.guess found
configure:2760:   /home/fzbuild/git/filezilla/src/fzshellext/../../config/config.sub found
configure:2760:   /home/fzbuild/git/filezilla/src/fzshellext/../../config/missing found
configure:2742:   /home/fzbuild/git/filezilla/src/fzshellext/../../config/install-sh found
configure:2893: checking for a BSD-compatible install
configure:2966: result: /usr/bin/install -c
configure:2977: checking whether build environment is sane
configure:3032: result: yes
configure:3088: checking for i686-w64-mingw32-strip
configure:3109: found /usr/bin/i686-w64-mingw32-strip
configure:3120: result: i686-w64-mingw32-strip
configure:3191: checking for a race-free mkdir -p
configure:3235: result: /usr/bin/mkdir -p
configure:3242: checking for gawk
configure:3263: found /usr/bin/gawk
configure:3274: result: gawk
configure:3285: checking whether make sets $(MAKE)
configure:3308: result: yes
configure:3338: checking whether make supports nested variables
configure:3356: result: yes
configure:3509: checking build system type
configure:3524: result: x86_64-pc-linux-gnu
configure:3544: checking host system type
configure:3558: result: i686-w64-mingw32
configure:3597: checking for i686-w64-mingw32-gcc
configure:3618: found /usr/bin/i686-w64-mingw32-gcc
configure:3629: result: i686-w64-mingw32-gcc
configure:4027: checking for C compiler version
configure:4036: i686-w64-mingw32-gcc --version >&5
i686-w64-mingw32-gcc (GCC) 13-win32
Copyright (C) 2023 Free Software Foundation, Inc.
This is free software; see the source for copying conditions.  There is NO
warranty; not even for MERCHANTABILITY or FITNESS FOR A PARTICULAR PURPOSE.

configure:4047: $? = 0
configure:4036: i686-w64-mingw32-gcc -v >&5
Using built-in specs.
COLLECT_GCC=i686-w64-mingw32-gcc
COLLECT_LTO_WRAPPER=/usr/lib/gcc/i686-w64-mingw32/13-win32/lto-wrapper
Target: i686-w64-mingw32
Configured with: ../../src/configure --build=x86_64-linux-gnu --prefix=/usr --includedir='/usr/include' --mandir='/usr/share/man' --infodir='/usr/share/info' --sysconfdir=/etc --localstatedir=/var --disable-option-checking --disable-silent-rules --libdir='/usr/lib/x86_64-linux-gnu' --libexecdir='/usr/lib/x86_64-linux-gnu' --disable-maintainer-mode --disable-dependency-tracking --prefix=/usr --enable-shared --enable-static --disable-multilib --with-system-zlib --libexecdir=/usr/lib --without-included-gettext --libdir=/usr/lib --enable-libstdcxx-time=yes --with-tune=generic --with-headers --enable-version-specific-runtime-libs --enable-fully-dynamic-string --enable-libgomp --enable-languages=c,c++,fortran,objc,obj-c++,ada --enable-lto --enable-threads=win32 --program-suffix=-win32 --program-prefix=i686-w64-mingw32- --target=i686-w64-mingw32 --with-as=/usr/bin/i686-w64-mingw32-as --with-ld=/usr/bin/i686-w64-mingw32-ld --enable-libatomic --enable-libstdcxx-filesystem-ts=yes --enable-dependency-tracking SED=/bin/sed --disable-sjlj-exceptions --with-dwarf2
Thread model: win32
Supported LTO compression algorithms: zlib zstd
gcc version 13-win32 (GCC) 
configure:4047: $? = 0
configure:4036: i686-w64-mingw32-gcc -V >&5
i686-w64-mingw32-gcc: error: unrecognized command-line option '-V'
i686-w64-mingw32-gcc: fatal error: no input files
compilation terminated.
configure:4047: $? = 1
configure:4036: i686-w64-mingw32-gcc -qversion >&5
i686-w64-mingw32-gcc: error: unrecognized command-line option '-qversion'; did you mean '--version'?
i686-w64-mingw32-gcc: fatal error: no input files
compilation terminated.
configure:4047: $? = 1
configure:4036: i686-w64-mingw32-gcc -version >&5
i686-w64-mingw32-gcc: error: unrecognized command-line option '-version'
i686-w64-mingw32-gcc: fatal error: no input files
compilation terminated.
configure:4047: $? = 1
configure:4067: checking whether the C compiler works
configure:4089: i686-w64-mingw32-gcc  -I/home/fzbuild/git/filezilla/build-temp/boost_1_86_0 -I/home/fzbuild/git/win-prefix/include -L/home/fzbuild/git/win-prefix/lib conftest.c  >&5
configure:4093: $? = 0
configure:4143: result: yes
configure:4146: checking for C compiler default output file name
configure:4148: result: a.exe
configure:4154: checking for suffix of executables
configure:4161: i686-w64-mingw32-gcc -o conftest.exe  -I/home/fzbuild/git/filezilla/build-temp/boost_1_86_0 -I/home/fzbuild/git/win-prefix/include -L/home/fzbuild/git/win-prefix/lib conftest.c  >&5
configure:4165: $? = 0
configure:4188: result: .exe
configure:4210: checking whether we are cross compiling
configure:4218: i686-w64-mingw32-gcc -o conftest.exe  -I/home/fzbuild/git/filezilla/build-temp/boost_1_86_0 -I/home/fzbuild/git/win-prefix/include -L/home/fzbuild/git/win-prefix/lib conftest.c  >&5
configure:4222: $? = 0
configure:4229: ./conftest.exe
/home/fzbuild/git/filezilla/src/fzshellext/configure: line 4231: ./conftest.exe: cannot execute binary file: Exec format error
configure:4233: $? = 126
configure:4248: result: yes
configure:4253: checking for suffix of object files
configure:4276: i686-w64-mingw32-gcc -c  -I/home/fzbuild/git/filezilla/build-temp/boost_1_86_0 -I/home/fzbuild/git/win-prefix/include conftest.c >&5
configure:4280: $? = 0
configure:4302: result: o
configure:4306: checking whether the compiler supports GNU C
configure:4326: i686-w64-mingw32-gcc -c  -I/home/fzbuild/git/filezilla/build-temp/boost_1_86_0 -I/home/fzbuild/git/win-prefix/include conftest.c >&5
configure:4326: $? = 0
configure:4336: result: yes
configure:4347: checking whether i686-w64-mingw32-gcc accepts -g
configure:4368: i686-w64-mingw32-gcc -c -g -I/home/fzbuild/git/filezilla/build-temp/boost_1_86_0 -I/home/fzbuild/git/win-prefix/include conftest.c >&5
configure:4368: $? = 0
configure:4412: result: yes
configure:4432: checking for i686-w64-mingw32-gcc option to enable C11 features
configure:4447: i686-w64-mingw32-gcc  -c -g -O2 -I/home/fzbuild/git/filezilla/build-temp/boost_1_86_0 -I/home/fzbuild/git/win-prefix/include conftest.c >&5
configure:4447: $? = 0
configure:4465: result: none needed
configure:4581: checking whether i686-w64-mingw32-gcc understands -c and -o together
configure:4604: i686-w64-mingw32-gcc -c conftest.c -o conftest2.o
configure:4607: $? = 0
configure:4604: i686-w64-mingw32-gcc -c conftest.c -o conftest2.o
configure:4607: $? = 0
configure:4619: result: yes
configure:4639: checking whether make supports the include directive
configure:4654: make -f confmf.GNU && cat confinc.out
make[1]: Entering directory '/home/fzbuild/git/filezilla/src/fzshellext/32'
make[1]: Leaving directory '/home/fzbuild/git/filezilla/src/fzshellext/32'
this is the am__doit target
configure:4657: $? = 0
configure:4676: result: yes (GNU style)
configure:4702: checking dependency style of i686-w64-mingw32-gcc
configure:4814: result: gcc3
configure:4849: checking for i686-w64-mingw32-g++
configure:4870: found /usr/bin/i686-w64-mingw32-g++
configure:4881: result: i686-w64-mingw32-g++
configure:4957: checking for C++ compiler version
configure:4966: i686-w64-mingw32-g++ --version >&5
i686-w64-mingw32-g++ (GCC) 13-win32
Copyright (C) 2023 Free Software Foundation, Inc.
This is free software; see the source for copying conditions.  There is NO
warranty; not even for MERCHANTABILITY or FITNESS FOR A PARTICULAR PURPOSE.

configure:4977: $? = 0
configure:4966: i686-w64-mingw32-g++ -v >&5
Using built-in specs.
COLLECT_GCC=i686-w64-mingw32-g++
COLLECT_LTO_WRAPPER=/usr/lib/gcc/i686-w64-mingw32/13-win32/lto-wrapper
Target: i686-w64-mingw32
Configured with: ../../src/configure --build=x86_64-linux-gnu --prefix=/usr --includedir='/usr/include' --mandir='/usr/share/man' --infodir='/usr/share/info' --sysconfdir=/etc --localstatedir=/var --disable-option-checking --disable-silent-rules --libdir='/usr/lib/x86_64-linux-gnu' --libexecdir='/usr/lib/x86_64-linux-gnu' --disable-maintainer-mode --disable-dependency-tracking --prefix=/usr --enable-shared --enable-static --disable-multilib --with-system-zlib --libexecdir=/usr/lib --without-included-gettext --libdir=/usr/lib --enable-libstdcxx-time=yes --with-tune=generic --with-headers --enable-version-specific-runtime-libs --enable-fully-dynamic-string --enable-libgomp --enable-languages=c,c++,fortran,objc,obj-c++,ada --enable-lto --enable-threads=win32 --program-suffix=-win32 --program-prefix=i686-w64-mingw32- --target=i686-w64-mingw32 --with-as=/usr/bin/i686-w64-mingw32-as --with-ld=/usr/bin/i686-w64-mingw32-ld --enable-libatomic --enable-libstdcxx-filesystem-ts=yes --enable-dependency-tracking SED=/bin/sed --disable-sjlj-exceptions --with-dwarf2
Thread model: win32
Supported LTO compression algorithms: zlib zstd
gcc version 13-win32 (GCC) 
configure:4977: $? = 0
configure:4966: i686-w64-mingw32-g++ -V >&5
i686-w64-mingw32-g++: error: unrecognized command-line option '-V'
i686-w64-mingw32-g++: fatal error: no input files
compilation terminated.
configure:4977: $? = 1
configure:4966: i686-w64-mingw32-g++ -qversion >&5
i686-w64-mingw32-g++: error: unrecognized command-line option '-qversion'; did you mean '--version'?
i686-w64-mingw32-g++: fatal error: no input files
compilation terminated.
configure:4977: $? = 1
configure:4981: checking whether the compiler supports GNU C++
configure:5001: i686-w64-mingw32-g++ -c  -I/home/fzbuild/git/filezilla/build-temp/boost_1_86_0 -I/home/fzbuild/git/win-prefix/include conftest.cpp >&5
configure:5001: $? = 0
configure:5011: result: yes
configure:5022: checking whether i686-w64-mingw32-g++ accepts -g
configure:5043: i686-w64-mingw32-g++ -c -g -I/home/fzbuild/git/filezilla/build-temp/boost_1_86_0 -I/home/fzbuild/git/win-prefix/include conftest.cpp >&5
configure:5043: $? = 0
configure:5087: result: yes
configure:5107: checking for i686-w64-mingw32-g++ option to enable C++11 features
configure:5122: i686-w64-mingw32-g++  -c -g -O2 -I/home/fzbuild/git/filezilla/build-temp/boost_1_86_0 -I/home/fzbuild/git/win-prefix/include conftest.cpp >&5
conftest.cpp: In function 'int main(int, char**)':
conftest.cpp:177:25: warning: empty parentheses were disambiguated as a function declaration [-Wvexing-parse]
  177 |   cxx11test::delegate d2();
      |                         ^~
conftest.cpp:177:25: note: remove parentheses to default-initialize a variable
  177 |   cxx11test::delegate d2();
      |                         ^~
      |                         --
conftest.cpp:177:25: note: or replace parentheses with braces to value-initialize a variable
configure:5122: $? = 0
configure:5140: result: none needed
configure:5206: checking dependency style of i686-w64-mingw32-g++
configure:5318: result: gcc3
configure:5398: checking how to print strings
configure:5425: result: printf
configure:5446: checking for a sed that does not truncate output
configure:5516: result: /usr/bin/sed
configure:5534: checking for grep that handles long lines and -e
configure:5598: result: /usr/bin/grep
configure:5603: checking for egrep
configure:5671: result: /usr/bin/grep -E
configure:5676: checking for fgrep
configure:5744: result: /usr/bin/grep -F
configure:5780: checking for ld used by i686-w64-mingw32-gcc
configure:5848: result: /usr/bin/i686-w64-mingw32-ld
configure:5855: checking if the linker (/usr/bin/i686-w64-mingw32-ld) is GNU ld
configure:5871: result: yes
configure:5883: checking for BSD- or MS-compatible name lister (nm)
configure:5938: result: /usr/bin/i686-w64-mingw32-nm -B
configure:6078: checking the name lister (/usr/bin/i686-w64-mingw32-nm -B) interface
configure:6086: i686-w64-mingw32-gcc -c -g -O2 -I/home/fzbuild/git/filezilla/build-temp/boost_1_86_0 -I/home/fzbuild/git/win-prefix/include conftest.c >&5
configure:6089: /usr/bin/i686-w64-mingw32-nm -B "conftest.o"
configure:6092: output
00000000 b .bss
00000000 d .data
00000000 N .debug_abbrev
00000000 N .debug_aranges
00000000 N .debug_info
00000000 N .debug_line
00000000 N .debug_line_str
00000000 r .rdata$zzz
00000000 t .text
00000000 B _some_variable
configure:6099: result: BSD nm
configure:6102: checking whether ln -s works
configure:6106: result: yes
configure:6114: checking the maximum length of command line arguments
configure:6246: result: 1572864
configure:6294: checking how to convert x86_64-pc-linux-gnu file names to i686-w64-mingw32 format
configure:6335: result: func_convert_file_nix_to_w32
configure:6342: checking how to convert x86_64-pc-linux-gnu file names to toolchain format
configure:6363: result: func_convert_file_noop
configure:6370: checking for /usr/bin/i686-w64-mingw32-ld option to reload object files
configure:6378: result: -r
configure:6412: checking for i686-w64-mingw32-file
configure:6447: result: no
configure:6457: checking for file
configure:6478: found /usr/bin/file
configure:6489: result: file
configure:6501: WARNING: using cross tools not prefixed with host triplet
configure:6520: checking for i686-w64-mingw32-objdump
configure:6541: found /usr/bin/i686-w64-mingw32-objdump
configure:6552: result: i686-w64-mingw32-objdump
configure:6629: checking how to recognize dependent libraries
configure:6830: result: file_magic ^x86 archive import|^x86 DLL
configure:6875: checking for i686-w64-mingw32-dlltool
configure:6896: found /usr/bin/i686-w64-mingw32-dlltool
configure:6907: result: i686-w64-mingw32-dlltool
configure:6985: checking how to associate runtime and link libraries
configure:7013: result: func_cygming_dll_for_implib
configure:7030: checking for i686-w64-mingw32-ar
configure:7051: found /usr/bin/i686-w64-mingw32-ar
configure:7062: result: i686-w64-mingw32-ar
configure:7164: checking for archiver @FILE support
configure:7182: i686-w64-mingw32-gcc -c -g -O2 -I/home/fzbuild/git/filezilla/build-temp/boost_1_86_0 -I/home/fzbuild/git/win-prefix/include conftest.c >&5
configure:7182: $? = 0
configure:7186: i686-w64-mingw32-ar cr libconftest.a @conftest.lst >&5
configure:7189: $? = 0
configure:7194: i686-w64-mingw32-ar cr libconftest.a @conftest.lst >&5
i686-w64-mingw32-ar: conftest.o: No such file or directory
configure:7197: $? = 1
configure:7209: result: @
configure:7227: checking for i686-w64-mingw32-strip
configure:7259: result: i686-w64-mingw32-strip
configure:7336: checking for i686-w64-mingw32-ranlib
configure:7357: found /usr/bin/i686-w64-mingw32-ranlib
configure:7368: result: i686-w64-mingw32-ranlib
configure:7515: checking command to parse /usr/bin/i686-w64-mingw32-nm -B output from i686-w64-mingw32-gcc object
configure:7669: i686-w64-mingw32-gcc -c -g -O2 -I/home/fzbuild/git/filezilla/build-temp/boost_1_86_0 -I/home/fzbuild/git/win-prefix/include conftest.c >&5
configure:7672: $? = 0
configure:7676: /usr/bin/i686-w64-mingw32-nm -B conftest.o | /usr/bin/sed -n -e 's/^.*[	 ]\([ABCDGIRSTW][ABCDGIRSTW]*\)[	 ][	 ]*\([_A-Za-z][_A-Za-z0-9]*\)$/\1 \2 \2/p' | /usr/bin/sed '/ __gnu_lto/d' > conftest.nm
cannot find nm_test_var in conftest.nm
configure:7669: i686-w64-mingw32-gcc -c -g -O2 -I/home/fzbuild/git/filezilla/build-temp/boost_1_86_0 -I/home/fzbuild/git/win-prefix/include conftest.c >&5
configure:7672: $? = 0
configure:7676: /usr/bin/i686-w64-mingw32-nm -B conftest.o | /usr/bin/sed -n -e 's/^.*[	 ]\([ABCDGIRSTW][ABCDGIRSTW]*\)[	 ][	 ]*_\([_A-Za-z][_A-Za-z0-9]*\)$/\1 _\2 \2/p' | /usr/bin/sed '/ __gnu_lto/d' > conftest.nm
configure:7742: i686-w64-mingw32-gcc -o conftest.exe -g -O2 -I/home/fzbuild/git/filezilla/build-temp/boost_1_86_0 -I/home/fzbuild/git/win-prefix/include -L/home/fzbuild/git/win-prefix/lib conftest.c conftstm.o >&5
configure:7745: $? = 0
configure:7783: result: ok
configure:7830: checking for sysroot
configure:7861: result: no
configure:7868: checking for a working dd
configure:7912: result: /usr/bin/dd
configure:7916: checking how to truncate binary pipes
configure:7932: result: /usr/bin/dd bs=4096 count=1
configure:8224: checking for i686-w64-mingw32-mt
configure:8259: result: no
configure:8269: checking for mt
configure:8290: found /usr/bin/mt
configure:8301: result: mt
configure:8324: checking if mt is a manifest tool
configure:8331: mt '-?'
configure:8339: result: no
configure:9064: checking for stdio.h
configure:9064: i686-w64-mingw32-gcc -c -g -O2 -I/home/fzbuild/git/filezilla/build-temp/boost_1_86_0 -I/home/fzbuild/git/win-prefix/include conftest.c >&5
configure:9064: $? = 0
configure:9064: result: yes
configure:9064: checking for stdlib.h
configure:9064: i686-w64-mingw32-gcc -c -g -O2 -I/home/fzbuild/git/filezilla/build-temp/boost_1_86_0 -I/home/fzbuild/git/win-prefix/include conftest.c >&5
configure:9064: $? = 0
configure:9064: result: yes
configure:9064: checking for string.h
configure:9064: i686-w64-mingw32-gcc -c -g -O2 -I/home/fzbuild/git/filezilla/build-temp/boost_1_86_0 -I/home/fzbuild/git/win-prefix/include conftest.c >&5
configure:9064: $? = 0
configure:9064: result: yes
configure:9064: checking for inttypes.h
configure:9064: i686-w64-mingw32-gcc -c -g -O2 -I/home/fzbuild/git/filezilla/build-temp/boost_1_86_0 -I/home/fzbuild/git/win-prefix/include conftest.c >&5
configure:9064: $? = 0
configure:9064: result: yes
configure:9064: checking for stdint.h
configure:9064: i686-w64-mingw32-gcc -c -g -O2 -I/home/fzbuild/git/filezilla/build-temp/boost_1_86_0 -I/home/fzbuild/git/win-prefix/include conftest.c >&5
configure:9064: $? = 0
configure:9064: result: yes
configure:9064: checking for strings.h
configure:9064: i686-w64-mingw32-gcc -c -g -O2 -I/home/fzbuild/git/filezilla/build-temp/boost_1_86_0 -I/home/fzbuild/git/win-prefix/include conftest.c >&5
configure:9064: $? = 0
configure:9064: result: yes
configure:9064: checking for sys/stat.h
configure:9064: i686-w64-mingw32-gcc -c -g -O2 -I/home/fzbuild/git/filezilla/build-temp/boost_1_86_0 -I/home/fzbuild/git/win-prefix/include conftest.c >&5
configure:9064: $? = 0
configure:9064: result: yes
configure:9064: checking for sys/types.h
configure:9064: i686-w64-mingw32-gcc -c -g -O2 -I/home/fzbuild/git/filezilla/build-temp/boost_1_86_0 -I/home/fzbuild/git/win-prefix/include conftest.c >&5
configure:9064: $? = 0
configure:9064: result: yes
configure:9064: checking for unistd.h
configure:9064: i686-w64-mingw32-gcc -c -g -O2 -I/home/fzbuild/git/filezilla/build-temp/boost_1_86_0 -I/home/fzbuild/git/win-prefix/include conftest.c >&5
configure:9064: $? = 0
configure:9064: result: yes
configure:9089: checking for dlfcn.h
configure:9089: i686-w64-mingw32-gcc -c -g -O2 -I/home/fzbuild/git/filezilla/build-temp/boost_1_86_0 -I/home/fzbuild/git/win-prefix/include conftest.c >&5
conftest.c:50:10: fatal error: dlfcn.h: No such file or directory
   50 | #include <dlfcn.h>
      |          ^~~~~~~~~
compilation terminated.
configure:9089: $? = 1
configure: failed program was:
| /* confdefs.h */
| #define PACKAGE_NAME "fzshellext"
| #define PACKAGE_TARNAME "fzshellext"
| #define PACKAGE_VERSION "0.0.0"
| #define PACKAGE_STRING "fzshellext 0.0.0"
| #define PACKAGE_BUGREPORT "tim.kosse@filezilla-project.org"
| #define PACKAGE_URL "https://filezilla-project.org/"
| #define PACKAGE "fzshellext"
| #define VERSION "0.0.0"
| #define HAVE_STDIO_H 1
| #define HAVE_STDLIB_H 1
| #define HAVE_STRING_H 1
| #define HAVE_INTTYPES_H 1
| #define HAVE_STDINT_H 1
| #define HAVE_STRINGS_H 1
| #define HAVE_SYS_STAT_H 1
| #define HAVE_SYS_TYPES_H 1
| #define HAVE_UNISTD_H 1
| #define STDC_HEADERS 1
| /* end confdefs.h.  */
| #include <stddef.h>
| #ifdef HAVE_STDIO_H
| # include <stdio.h>
| #endif
| #ifdef HAVE_STDLIB_H
| # include <stdlib.h>
| #endif
| #ifdef HAVE_STRING_H
| # include <string.h>
| #endif
| #ifdef HAVE_INTTYPES_H
| # include <inttypes.h>
| #endif
| #ifdef HAVE_STDINT_H
| # include <stdint.h>
| #endif
| #ifdef HAVE_STRINGS_H
| # include <strings.h>
| #endif
| #ifdef HAVE_SYS_TYPES_H
| # include <sys/types.h>
| #endif
| #ifdef HAVE_SYS_STAT_H
| # include <sys/stat.h>
| #endif
| #ifdef HAVE_UNISTD_H
| # include <unistd.h>
| #endif
| 
| #include <dlfcn.h>
configure:9089: result: no
configure:9359: checking for objdir
configure:9375: result: .libs
configure:9639: checking if i686-w64-mingw32-gcc supports -fno-rtti -fno-exceptions
configure:9658: i686-w64-mingw32-gcc -c -g -O2 -I/home/fzbuild/git/filezilla/build-temp/boost_1_86_0 -I/home/fzbuild/git/win-prefix/include -fno-rtti -fno-exceptions conftest.c >&5
cc1: warning: command-line option '-fno-rtti' is valid for C++/D/ObjC++ but not for C
configure:9662: $? = 0
configure:9675: result: no
configure:10039: checking for i686-w64-mingw32-gcc option to produce PIC
configure:10047: result: -DDLL_EXPORT -DPIC
configure:10055: checking if i686-w64-mingw32-gcc PIC flag -DDLL_EXPORT -DPIC works
configure:10074: i686-w64-mingw32-gcc -c -g -O2 -I/home/fzbuild/git/filezilla/build-temp/boost_1_86_0 -I/home/fzbuild/git/win-prefix/include -DDLL_EXPORT -DPIC -DPIC conftest.c >&5
configure:10078: $? = 0
configure:10091: result: yes
configure:10120: checking if i686-w64-mingw32-gcc static flag -static works
configure:10149: result: yes
configure:10164: checking if i686-w64-mingw32-gcc supports -c -o file.o
configure:10186: i686-w64-mingw32-gcc -c -g -O2 -I/home/fzbuild/git/filezilla/build-temp/boost_1_86_0 -I/home/fzbuild/git/win-prefix/include -o out/conftest2.o conftest.c >&5
configure:10190: $? = 0
configure:10212: result: yes
configure:10220: checking if i686-w64-mingw32-gcc supports -c -o file.o
configure:10268: result: yes
configure:10301: checking whether the i686-w64-mingw32-gcc linker (/usr/bin/i686-w64-mingw32-ld) supports shared libraries
configure:11575: result: yes
configure:11612: checking whether -lc should be explicitly linked in
configure:11621: i686-w64-mingw32-gcc -c -g -O2 -I/home/fzbuild/git/filezilla/build-temp/boost_1_86_0 -I/home/fzbuild/git/win-prefix/include conftest.c >&5
configure:11624: $? = 0
configure:11639: i686-w64-mingw32-gcc -shared conftest.o  -v -o ./conftest -Wl,--enable-auto-image-base -Xlinker --out-implib -Xlinker conftest 2\>\&1 \| /usr/bin/grep  -lc  \>/dev/null 2\>\&1
configure:11642: $? = 1
configure:11656: result: yes
configure:11816: checking dynamic linker characteristics
configure:12649: result: Win32 ld.exe
configure:12771: checking how to hardcode library paths into programs
configure:12796: result: immediate
configure:13348: checking whether stripping libraries is possible
configure:13357: result: yes
configure:13399: checking if libtool supports shared libraries
configure:13401: result: yes
configure:13404: checking whether to build shared libraries
configure:13429: result: yes
configure:13432: checking whether to build static libraries
configure:13436: result: yes
configure:13459: checking how to run the C++ preprocessor
configure:13481: i686-w64-mingw32-g++ -E -I/home/fzbuild/git/filezilla/build-temp/boost_1_86_0 -I/home/fzbuild/git/win-prefix/include conftest.cpp
configure:13481: $? = 0
configure:13496: i686-w64-mingw32-g++ -E -I/home/fzbuild/git/filezilla/build-temp/boost_1_86_0 -I/home/fzbuild/git/win-prefix/include conftest.cpp
conftest.cpp:22:10: fatal error: ac_nonexistent.h: No such file or directory
   22 | #include <ac_nonexistent.h>
      |          ^~~~~~~~~~~~~~~~~~
compilation terminated.
configure:13496: $? = 1
configure: failed program was:
| /* confdefs.h */
| #define PACKAGE_NAME "fzshellext"
| #define PACKAGE_TARNAME "fzshellext"
| #define PACKAGE_VERSION "0.0.0"
| #define PACKAGE_STRING "fzshellext 0.0.0"
| #define PACKAGE_BUGREPORT "tim.kosse@filezilla-project.org"
| #define PACKAGE_URL "https://filezilla-project.org/"
| #define PACKAGE "fzshellext"
| #define VERSION "0.0.0"
| #define HAVE_STDIO_H 1
| #define HAVE_STDLIB_H 1
| #define HAVE_STRING_H 1
| #define HAVE_INTTYPES_H 1
| #define HAVE_STDINT_H 1
| #define HAVE_STRINGS_H 1
| #define HAVE_SYS_STAT_H 1
| #define HAVE_SYS_TYPES_H 1
| #define HAVE_UNISTD_H 1
| #define STDC_HEADERS 1
| #define LT_OBJDIR ".libs/"
| /* end confdefs.h.  */
| #include <ac_nonexistent.h>
configure:13523: result: i686-w64-mingw32-g++ -E
configure:13537: i686-w64-mingw32-g++ -E -I/home/fzbuild/git/filezilla/build-temp/boost_1_86_0 -I/home/fzbuild/git/win-prefix/include conftest.cpp
configure:13537: $? = 0
configure:13552: i686-w64-mingw32-g++ -E -I/home/fzbuild/git/filezilla/build-temp/boost_1_86_0 -I/home/fzbuild/git/win-prefix/include conftest.cpp
conftest.cpp:22:10: fatal error: ac_nonexistent.h: No such file or directory
   22 | #include <ac_nonexistent.h>
      |          ^~~~~~~~~~~~~~~~~~
compilation terminated.
configure:13552: $? = 1
configure: failed program was:
| /* confdefs.h */
| #define PACKAGE_NAME "fzshellext"
| #define PACKAGE_TARNAME "fzshellext"
| #define PACKAGE_VERSION "0.0.0"
| #define PACKAGE_STRING "fzshellext 0.0.0"
| #define PACKAGE_BUGREPORT "tim.kosse@filezilla-project.org"
| #define PACKAGE_URL "https://filezilla-project.org/"
| #define PACKAGE "fzshellext"
| #define VERSION "0.0.0"
| #define HAVE_STDIO_H 1
| #define HAVE_STDLIB_H 1
| #define HAVE_STRING_H 1
| #define HAVE_INTTYPES_H 1
| #define HAVE_STDINT_H 1
| #define HAVE_STRINGS_H 1
| #define HAVE_SYS_STAT_H 1
| #define HAVE_SYS_TYPES_H 1
| #define HAVE_UNISTD_H 1
| #define STDC_HEADERS 1
| #define LT_OBJDIR ".libs/"
| /* end confdefs.h.  */
| #include <ac_nonexistent.h>
configure:13717: checking for ld used by i686-w64-mingw32-g++
configure:13785: result: /usr/bin/i686-w64-mingw32-ld
configure:13792: checking if the linker (/usr/bin/i686-w64-mingw32-ld) is GNU ld
configure:13808: result: yes
configure:13863: checking whether the i686-w64-mingw32-g++ linker (/usr/bin/i686-w64-mingw32-ld) supports shared libraries
configure:14941: result: yes
configure:14977: i686-w64-mingw32-g++ -c -g -O2 -I/home/fzbuild/git/filezilla/build-temp/boost_1_86_0 -I/home/fzbuild/git/win-prefix/include conftest.cpp >&5
configure:14980: $? = 0
configure:15461: checking for i686-w64-mingw32-g++ option to produce PIC
configure:15469: result: -DDLL_EXPORT -DPIC
configure:15477: checking if i686-w64-mingw32-g++ PIC flag -DDLL_EXPORT -DPIC works
configure:15496: i686-w64-mingw32-g++ -c -g -O2 -I/home/fzbuild/git/filezilla/build-temp/boost_1_86_0 -I/home/fzbuild/git/win-prefix/include -DDLL_EXPORT -DPIC -DPIC conftest.cpp >&5
configure:15500: $? = 0
configure:15513: result: yes
configure:15536: checking if i686-w64-mingw32-g++ static flag -static works
configure:15565: result: yes
configure:15577: checking if i686-w64-mingw32-g++ supports -c -o file.o
configure:15599: i686-w64-mingw32-g++ -c -g -O2 -I/home/fzbuild/git/filezilla/build-temp/boost_1_86_0 -I/home/fzbuild/git/win-prefix/include -o out/conftest2.o conftest.cpp >&5
configure:15603: $? = 0
configure:15625: result: yes
configure:15630: checking if i686-w64-mingw32-g++ supports -c -o file.o
configure:15678: result: yes
configure:15708: checking whether the i686-w64-mingw32-g++ linker (/usr/bin/i686-w64-mingw32-ld) supports shared libraries
configure:15751: result: yes
configure:15893: checking dynamic linker characteristics
configure:16653: result: Win32 ld.exe
configure:16718: checking how to hardcode library paths into programs
configure:16743: result: immediate
configure:16899: checking whether the compiler actually targets MinGW
configure:16913: result: yes
configure:16936: checking whether i686-w64-mingw32-g++ supports C++17 features with -std=c++17
configure:17733: i686-w64-mingw32-g++ -std=c++17 -c -g -O2 -Wall -g -I/home/fzbuild/git/filezilla/build-temp/boost_1_86_0 -I/home/fzbuild/git/win-prefix/include conftest.cpp >&5
configure:17733: $? = 0
configure:17743: result: yes
configure:17791: checking for whether we need -stdlib=libc++
configure:17813: i686-w64-mingw32-g++ -std=c++17 -c -g -O2 -Wall -g -I/home/fzbuild/git/filezilla/build-temp/boost_1_86_0 -I/home/fzbuild/git/win-prefix/include conftest.cpp >&5
configure:17813: $? = 0
configure:17816: result: no
configure:17955: checking for shlobj.h
configure:17955: i686-w64-mingw32-gcc -c -g -O2 -Wall -g -I/home/fzbuild/git/filezilla/build-temp/boost_1_86_0 -I/home/fzbuild/git/win-prefix/include conftest.c >&5
configure:17955: $? = 0
configure:17955: result: yes
configure:17989: checking whether to use windres
configure:17992: result: yes
configure:17997: checking for i686-w64-mingw32-windres
configure:18018: found /usr/bin/i686-w64-mingw32-windres
configure:18029: result: i686-w64-mingw32-windres
configure:18111: checking whether MinGW headers declare ICopyHookW
configure:18133: i686-w64-mingw32-gcc -c -g -O2 -Wall -g -I/home/fzbuild/git/filezilla/build-temp/boost_1_86_0 -I/home/fzbuild/git/win-prefix/include conftest.c >&5
configure:18133: $? = 0
configure:18136: result: yes
configure:18168: checking whether the linker accepts -Wl,--dynamicbase
configure:18188: i686-w64-mingw32-gcc -o conftest.exe -g -O2 -Wall -g -I/home/fzbuild/git/filezilla/build-temp/boost_1_86_0 -I/home/fzbuild/git/win-prefix/include -L/home/fzbuild/git/win-prefix/lib  -Wl,--dynamicbase conftest.c  >&5
configure:18188: $? = 0
configure:18198: result: yes
configure:18207: checking whether the linker accepts -Wl,--nxcompat
configure:18227: i686-w64-mingw32-gcc -o conftest.exe -g -O2 -Wall -g -I/home/fzbuild/git/filezilla/build-temp/boost_1_86_0 -I/home/fzbuild/git/win-prefix/include -L/home/fzbuild/git/win-prefix/lib -Wl,--dynamicbase  -Wl,--nxcompat conftest.c  >&5
configure:18227: $? = 0
configure:18237: result: yes
configure:18251: checking whether the linker accepts -Wl,--major-subsystem-version -Wl,6
configure:18271: i686-w64-mingw32-gcc -o conftest.exe -g -O2 -Wall -g -I/home/fzbuild/git/filezilla/build-temp/boost_1_86_0 -I/home/fzbuild/git/win-prefix/include -L/home/fzbuild/git/win-prefix/lib -Wl,--dynamicbase -Wl,--nxcompat  -Wl,--major-subsystem-version -Wl,6 conftest.c  >&5
configure:18271: $? = 0
configure:18281: result: yes
configure:18290: checking whether the linker accepts -Wl,--minor-subsystem-version -Wl,1
configure:18310: i686-w64-mingw32-gcc -o conftest.exe -g -O2 -Wall -g -I/home/fzbuild/git/filezilla/build-temp/boost_1_86_0 -I/home/fzbuild/git/win-prefix/include -L/home/fzbuild/git/win-prefix/lib -Wl,--dynamicbase -Wl,--nxcompat -Wl,--major-subsystem-version -Wl,6  -Wl,--minor-subsystem-version -Wl,1 conftest.c  >&5
configure:18310: $? = 0
configure:18320: result: yes
configure:18329: checking whether the linker accepts -Wl,--major-os-version -Wl,6
configure:18349: i686-w64-mingw32-gcc -o conftest.exe -g -O2 -Wall -g -I/home/fzbuild/git/filezilla/build-temp/boost_1_86_0 -I/home/fzbuild/git/win-prefix/include -L/home/fzbuild/git/win-prefix/lib -Wl,--dynamicbase -Wl,--nxcompat -Wl,--major-subsystem-version -Wl,6 -Wl,--minor-subsystem-version -Wl,1  -Wl,--major-os-version -Wl,6 conftest.c  >&5
configure:18349: $? = 0
configure:18359: result: yes
configure:18368: checking whether the linker accepts -Wl,--minor-os-version -Wl,1
configure:18388: i686-w64-mingw32-gcc -o conftest.exe -g -O2 -Wall -g -I/home/fzbuild/git/filezilla/build-temp/boost_1_86_0 -I/home/fzbuild/git/win-prefix/include -L/home/fzbuild/git/win-prefix/lib -Wl,--dynamicbase -Wl,--nxcompat -Wl,--major-subsystem-version -Wl,6 -Wl,--minor-subsystem-version -Wl,1 -Wl,--major-os-version -Wl,6  -Wl,--minor-os-version -Wl,1 conftest.c  >&5
configure:18388: $? = 0
configure:18398: result: yes
configure:18410: checking whether the linker accepts -Wl,--large-address-aware
configure:18430: i686-w64-mingw32-gcc -o conftest.exe -g -O2 -Wall -g -I/home/fzbuild/git/filezilla/build-temp/boost_1_86_0 -I/home/fzbuild/git/win-prefix/include -L/home/fzbuild/git/win-prefix/lib -Wl,--dynamicbase -Wl,--nxcompat -Wl,--major-subsystem-version -Wl,6 -Wl,--minor-subsystem-version -Wl,1 -Wl,--major-os-version -Wl,6 -Wl,--minor-os-version -Wl,1  -Wl,--large-address-aware conftest.c  >&5
configure:18430: $? = 0
configure:18440: result: yes
configure:18044: checking that generated files are newer than configure
configure:18050: result: done
configure:18085: creating ./config.status

## ---------------------- ##
## Running config.status. ##
## ---------------------- ##

This file was extended by fzshellext config.status 0.0.0, which was
generated by GNU Autoconf 2.71.  Invocation command line was

  CONFIG_FILES    = 
  CONFIG_HEADERS  = 
  CONFIG_LINKS    = 
  CONFIG_COMMANDS = 
  $ ./config.status 

on california

config.status:1174: creating Makefile
config.status:1174: creating config.h
config.status:1340: config.h is unchanged
config.status:1388: executing depfiles commands
config.status:1465: cd .       && sed -e '/# am--include-marker/d' Makefile         | make -f - am--depfiles
make[1]: Entering directory '/home/fzbuild/git/filezilla/src/fzshellext/32'
make[1]: Nothing to be done for 'am--depfiles'.
make[1]: Leaving directory '/home/fzbuild/git/filezilla/src/fzshellext/32'
config.status:1470: $? = 0
config.status:1388: executing libtool commands

## ---------------- ##
## Cache variables. ##
## ---------------- ##

ac_cv_build=x86_64-pc-linux-gnu
ac_cv_c_compiler_gnu=yes
ac_cv_cxx_compiler_gnu=yes
ac_cv_env_CCC_set=
ac_cv_env_CCC_value=
ac_cv_env_CC_set=
ac_cv_env_CC_value=
ac_cv_env_CFLAGS_set=
ac_cv_env_CFLAGS_value=
ac_cv_env_CPPFLAGS_set=set
ac_cv_env_CPPFLAGS_value='-I/home/fzbuild/git/filezilla/build-temp/boost_1_86_0 -I/home/fzbuild/git/win-prefix/include'
ac_cv_env_CXXCPP_set=
ac_cv_env_CXXCPP_value=
ac_cv_env_CXXFLAGS_set=
ac_cv_env_CXXFLAGS_value=
ac_cv_env_CXX_set=
ac_cv_env_CXX_value=
ac_cv_env_LDFLAGS_set=set
ac_cv_env_LDFLAGS_value=-L/home/fzbuild/git/win-prefix/lib
ac_cv_env_LIBS_set=
ac_cv_env_LIBS_value=
ac_cv_env_LT_SYS_LIBRARY_PATH_set=
ac_cv_env_LT_SYS_LIBRARY_PATH_value=
ac_cv_env_build_alias_set=
ac_cv_env_build_alias_value=
ac_cv_env_host_alias_set=set
ac_cv_env_host_alias_value=i686-w64-mingw32
ac_cv_env_target_alias_set=
ac_cv_env_target_alias_value=
ac_cv_exeext=.exe
ac_cv_header_dlfcn_h=no
ac_cv_header_inttypes_h=yes
ac_cv_header_shlobj_h=yes
ac_cv_header_stdint_h=yes
ac_cv_header_stdio_h=yes
ac_cv_header_stdlib_h=yes
ac_cv_header_string_h=yes
ac_cv_header_strings_h=yes
ac_cv_header_sys_stat_h=yes
ac_cv_header_sys_types_h=yes
ac_cv_header_unistd_h=yes
ac_cv_host=i686-w64-mingw32
ac_cv_objext=o
ac_cv_path_EGREP='/usr/bin/grep -E'
ac_cv_path_FGREP='/usr/bin/grep -F'
ac_cv_path_GREP=/usr/bin/grep
ac_cv_path_SED=/usr/bin/sed
ac_cv_path_install='/usr/bin/install -c'
ac_cv_path_lt_DD=/usr/bin/dd
ac_cv_path_mkdir=/usr/bin/mkdir
ac_cv_prog_AR=i686-w64-mingw32-ar
ac_cv_prog_AWK=gawk
ac_cv_prog_CC=i686-w64-mingw32-gcc
ac_cv_prog_CXX=i686-w64-mingw32-g++
ac_cv_prog_CXXCPP='i686-w64-mingw32-g++ -E'
ac_cv_prog_DLLTOOL=i686-w64-mingw32-dlltool
ac_cv_prog_OBJDUMP=i686-w64-mingw32-objdump
ac_cv_prog_RANLIB=i686-w64-mingw32-ranlib
ac_cv_prog_STRIP=i686-w64-mingw32-strip
ac_cv_prog_WINDRES=i686-w64-mingw32-windres
ac_cv_prog_ac_ct_FILECMD=file
ac_cv_prog_ac_ct_MANIFEST_TOOL=mt
ac_cv_prog_cc_c11=
ac_cv_prog_cc_g=yes
ac_cv_prog_cc_stdc=
ac_cv_prog_cxx_11=no
ac_cv_prog_cxx_cxx11=
ac_cv_prog_cxx_g=yes
ac_cv_prog_cxx_stdcxx=
ac_cv_prog_make_make_set=yes
am_cv_CC_dependencies_compiler_type=gcc3
am_cv_CXX_dependencies_compiler_type=gcc3
am_cv_make_support_nested_variables=yes
am_cv_prog_cc_c_o=yes
ax_cv_check_ldflags___Wl___dynamicbase=yes
ax_cv_check_ldflags___Wl___large_address_aware=yes
ax_cv_check_ldflags___Wl___major_os_version__Wl_6=yes
ax_cv_check_ldflags___Wl___major_subsystem_version__Wl_6=yes
ax_cv_check_ldflags___Wl___minor_os_version__Wl_1=yes
ax_cv_check_ldflags___Wl___minor_subsystem_version__Wl_1=yes
ax_cv_check_ldflags___Wl___nxcompat=yes
ax_cv_cxx_compile_cxx17__std_cpp17=yes
lt_cv_ar_at_file=@
lt_cv_archive_cmds_need_lc=yes
lt_cv_deplibs_check_method='file_magic ^x86 archive import|^x86 DLL'
lt_cv_file_magic_cmd=func_win32_libid
lt_cv_file_magic_test_file=
lt_cv_ld_reload_flag=-r
lt_cv_nm_interface='BSD nm'
lt_cv_objdir=.libs
lt_cv_path_LD=/usr/bin/i686-w64-mingw32-ld
lt_cv_path_LDCXX=/usr/bin/i686-w64-mingw32-ld
lt_cv_path_NM='/usr/bin/i686-w64-mingw32-nm -B'
lt_cv_path_mainfest_tool=no
lt_cv_prog_compiler_c_o=yes
lt_cv_prog_compiler_c_o_CXX=yes
lt_cv_prog_compiler_pic='-DDLL_EXPORT -DPIC'
lt_cv_prog_compiler_pic_CXX='-DDLL_EXPORT -DPIC'
lt_cv_prog_compiler_pic_works=yes
lt_cv_prog_compiler_pic_works_CXX=yes
lt_cv_prog_compiler_rtti_exceptions=no
lt_cv_prog_compiler_static_works=yes
lt_cv_prog_compiler_static_works_CXX=yes
lt_cv_prog_gnu_ld=yes
lt_cv_prog_gnu_ldcxx=yes
lt_cv_sharedlib_from_linklib_cmd=func_cygming_dll_for_implib
lt_cv_sys_global_symbol_pipe='/usr/bin/sed -n -e '\''s/^.*[	 ]\([ABCDGIRSTW][ABCDGIRSTW]*\)[	 ][	 ]*_\([_A-Za-z][_A-Za-z0-9]*\)$/\1 _\2 \2/p'\'' | /usr/bin/sed '\''/ __gnu_lto/d'\'''
lt_cv_sys_global_symbol_to_c_name_address='/usr/bin/sed -n -e '\''s/^: \(.*\) .*$/  {"\1", (void *) 0},/p'\'' -e '\''s/^[ABCDGIRSTW][ABCDGIRSTW]* .* \(.*\)$/  {"\1", (void *) \&\1},/p'\'''
lt_cv_sys_global_symbol_to_c_name_address_lib_prefix='/usr/bin/sed -n -e '\''s/^: \(.*\) .*$/  {"\1", (void *) 0},/p'\'' -e '\''s/^[ABCDGIRSTW][ABCDGIRSTW]* .* \(lib.*\)$/  {"\1", (void *) \&\1},/p'\'' -e '\''s/^[ABCDGIRSTW][ABCDGIRSTW]* .* \(.*\)$/  {"lib\1", (void *) \&\1},/p'\'''
lt_cv_sys_global_symbol_to_cdecl='/usr/bin/sed -n -e '\''s/^T .* \(.*\)$/extern int \1();/p'\'' -e '\''s/^[ABCDGIRSTW][ABCDGIRSTW]* .* \(.*\)$/extern char \1;/p'\'''
lt_cv_sys_global_symbol_to_import=
lt_cv_sys_max_cmd_len=1572864
lt_cv_to_host_file_cmd=func_convert_file_nix_to_w32
lt_cv_to_tool_file_cmd=func_convert_file_noop
lt_cv_truncate_bin='/usr/bin/dd bs=4096 count=1'

## ----------------- ##
## Output variables. ##
## ----------------- ##

ACLOCAL='${SHELL} '\''/home/fzbuild/git/filezilla/config/missing'\'' aclocal-1.16'
AMDEPBACKSLASH='\'
AMDEP_FALSE='#'
AMDEP_TRUE=''
AMTAR='$${TAR-tar}'
AM_BACKSLASH='\'
AM_DEFAULT_V='$(AM_DEFAULT_VERBOSITY)'
AM_DEFAULT_VERBOSITY='1'
AM_V='$(V)'
AR='i686-w64-mingw32-ar'
AUTOCONF='${SHELL} '\''/home/fzbuild/git/filezilla/config/missing'\'' autoconf'
AUTOHEADER='${SHELL} '\''/home/fzbuild/git/filezilla/config/missing'\'' autoheader'
AUTOMAKE='${SHELL} '\''/home/fzbuild/git/filezilla/config/missing'\'' automake-1.16'
AWK='gawk'
BUILD_SHELLEXT_FALSE=''
BUILD_SHELLEXT_TRUE='#'
CC='i686-w64-mingw32-gcc'
CCDEPMODE='depmode=gcc3'
CFLAGS='-g -O2 -Wall -g'
CPPFLAGS='-I/home/fzbuild/git/filezilla/build-temp/boost_1_86_0 -I/home/fzbuild/git/win-prefix/include'
CSCOPE='cscope'
CTAGS='ctags'
CXX='i686-w64-mingw32-g++ -std=c++17'
CXXCPP='i686-w64-mingw32-g++ -E -std=c++17'
CXXDEPMODE='depmode=gcc3'
CXXFLAGS='-g -O2 -Wall -g'
CYGPATH_W='echo'
DEFS='-DHAVE_CONFIG_H'
DEPDIR='.deps'
DLLTOOL='i686-w64-mingw32-dlltool'
DSYMUTIL=''
DUMPBIN=''
ECHO_C=''
ECHO_N='-n'
ECHO_T=''
EGREP='/usr/bin/grep -E'
ETAGS='etags'
EXEEXT='.exe'
FGREP='/usr/bin/grep -F'
FILECMD='file'
GREP='/usr/bin/grep'
HAVE_CXX17='1'
INSTALL_DATA='${INSTALL} -m 644'
INSTALL_PROGRAM='${INSTALL}'
INSTALL_SCRIPT='${INSTALL}'
INSTALL_STRIP_PROGRAM='$(install_sh) -c -s'
LD='/usr/bin/i686-w64-mingw32-ld'
LDFLAGS='-L/home/fzbuild/git/win-prefix/lib -Wl,--dynamicbase -Wl,--nxcompat -Wl,--major-subsystem-version -Wl,6 -Wl,--minor-subsystem-version -Wl,1 -Wl,--major-os-version -Wl,6 -Wl,--minor-os-version -Wl,1 -Wl,--large-address-aware'
LIBOBJS=''
LIBS=''
LIBTOOL='$(SHELL) $(top_builddir)/libtool'
LIPO=''
LN_S='ln -s'
LTLIBOBJS=''
LT_SYS_LIBRARY_PATH=''
MAKEINFO='${SHELL} '\''/home/fzbuild/git/filezilla/config/missing'\'' makeinfo'
MANIFEST_TOOL=':'
MKDIR_P='/usr/bin/mkdir -p'
NM='/usr/bin/i686-w64-mingw32-nm -B'
NMEDIT=''
OBJDUMP='i686-w64-mingw32-objdump'
OBJEXT='o'
OTOOL64=''
OTOOL=''
PACKAGE='fzshellext'
PACKAGE_BUGREPORT='tim.kosse@filezilla-project.org'
PACKAGE_NAME='fzshellext'
PACKAGE_STRING='fzshellext 0.0.0'
PACKAGE_TARNAME='fzshellext'
PACKAGE_URL='https://filezilla-project.org/'
PACKAGE_VERSION='0.0.0'
PATH_SEPARATOR=':'
RANLIB='i686-w64-mingw32-ranlib'
SED='/usr/bin/sed'
SET_MAKE=''
SHELL='/bin/bash'
STRIP='i686-w64-mingw32-strip'
USE_RESOURCEFILE_FALSE='#'
USE_RESOURCEFILE_TRUE=''
VERSION='0.0.0'
WINDRES='i686-w64-mingw32-windres'
WINDRESFLAGS=' --include-dir=/home/fzbuild/git/filezilla/build-temp/boost_1_86_0 --include-dir=/home/fzbuild/git/win-prefix/include'
ac_ct_AR=''
ac_ct_CC=''
ac_ct_CXX=''
ac_ct_DUMPBIN=''
am__EXEEXT_FALSE='#'
am__EXEEXT_TRUE=''
am__fastdepCC_FALSE='#'
am__fastdepCC_TRUE=''
am__fastdepCXX_FALSE='#'
am__fastdepCXX_TRUE=''
am__include='include'
am__isrc=' -I$(srcdir)'
am__leading_dot='.'
am__nodep='_no'
am__quote=''
am__tar='$${TAR-tar} chof - "$$tardir"'
am__untar='$${TAR-tar} xf -'
bindir='${exec_prefix}/bin'
build='x86_64-pc-linux-gnu'
build_alias=''
build_cpu='x86_64'
build_os='linux-gnu'
build_vendor='pc'
datadir='${datarootdir}'
datarootdir='${prefix}/share'
docdir='${datarootdir}/doc/${PACKAGE_TARNAME}'
dvidir='${docdir}'
exec_prefix='${prefix}'
host='i686-w64-mingw32'
host_alias='i686-w64-mingw32'
host_cpu='i686'
host_os='mingw32'
host_vendor='w64'
htmldir='${docdir}'
includedir='${prefix}/include'
infodir='${datarootdir}/info'
install_sh='${SHELL} /home/fzbuild/git/filezilla/config/install-sh'
libdir='${exec_prefix}/lib'
libexecdir='${exec_prefix}/libexec'
localedir='${datarootdir}/locale'
localstatedir='${prefix}/var'
mandir='${datarootdir}/man'
mkdir_p='$(MKDIR_P)'
oldincludedir='/usr/include'
pdfdir='${docdir}'
prefix='/home/fzbuild/git/win-prefix'
program_transform_name='s,x,x,'
psdir='${docdir}'
runstatedir='${localstatedir}/run'
sbindir='${exec_prefix}/sbin'
sharedstatedir='${prefix}/com'
sysconfdir='${prefix}/etc'
target_alias=''

## ----------- ##
## confdefs.h. ##
## ----------- ##

/* confdefs.h */
#define PACKAGE_NAME "fzshellext"
#define PACKAGE_TARNAME "fzshellext"
#define PACKAGE_VERSION "0.0.0"
#define PACKAGE_STRING "fzshellext 0.0.0"
#define PACKAGE_BUGREPORT "tim.kosse@filezilla-project.org"
#define PACKAGE_URL "https://filezilla-project.org/"
#define PACKAGE "fzshellext"
#define VERSION "0.0.0"
#define HAVE_STDIO_H 1
#define HAVE_STDLIB_H 1
#define HAVE_STRING_H 1
#define HAVE_INTTYPES_H 1
#define HAVE_STDINT_H 1
#define HAVE_STRINGS_H 1
#define HAVE_SYS_STAT_H 1
#define HAVE_SYS_TYPES_H 1
#define HAVE_UNISTD_H 1
#define STDC_HEADERS 1
#define LT_OBJDIR ".libs/"
#define HAVE_CXX17 1
#define HAVE_ICOPYHOOKW 1

configure: exit 0
